<?xml version="1.0" encoding="UTF-8"?>
<!-- Generated by org.testng.reporters.JUnitReportReporter -->
<testsuite hostname="SL21" failures="0" tests="6" name="runners.ArticleRunner" time="20.742" errors="0" timestamp="2026-03-05T16:40:17 IST" skipped="0">
  <testcase classname="runners.ArticleRunner" name="runScenario" time="1.795"/>
  <testcase classname="runners.ArticleRunner" name="runScenario" time="11.462"/>
  <testcase classname="runners.ArticleRunner" name="runScenario" time="1.429"/>
  <testcase classname="runners.ArticleRunner" name="runScenario" time="0.687"/>
  <testcase classname="runners.ArticleRunner" name="runScenario" time="2.414"/>
  <testcase classname="runners.ArticleRunner" name="runScenario" time="2.955"/>
</testsuite> <!-- runners.ArticleRunner -->
