<?xml version="1.0" encoding="UTF-8"?>
<!-- Generated by org.testng.reporters.JUnitReportReporter -->
<testsuite hostname="SL21" failures="1" tests="6" name="runners.ArticleRunner" time="78.153" errors="0" timestamp="2026-03-06T10:45:27 IST" skipped="0">
  <testcase classname="runners.ArticleRunner" name="runScenario" time="11.367"/>
  <testcase classname="runners.ArticleRunner" name="runScenario" time="20.678">
    <failure message="Article deletion failed! expected [true] but found [false]" type="java.lang.AssertionError">
      <![CDATA[java.lang.AssertionError: Article deletion failed! expected [true] but found [false]
at org.testng.Assert.fail(Assert.java:111)
at org.testng.Assert.failNotEquals(Assert.java:1590)
at org.testng.Assert.assertTrue(Assert.java:57)
at stepDefs.ArticleStepDef.article_should_be_deleted(ArticleStepDef.java:137)
at ✽.Article Should be Deleted(file:///C:/workspace/CucumberPOMAssignment2/src/test/resources/features/Article.feature:35)
]]>
    </failure>
  </testcase> <!-- runScenario -->
  <testcase classname="runners.ArticleRunner" name="runScenario" time="11.664"/>
  <testcase classname="runners.ArticleRunner" name="runScenario" time="20.132"/>
  <testcase classname="runners.ArticleRunner" name="runScenario" time="11.205"/>
  <testcase classname="runners.ArticleRunner" name="runScenario" time="3.107"/>
</testsuite> <!-- runners.ArticleRunner -->
